<?xml version="1.0" encoding="UTF-8"?>
<!-- Generated by org.testng.reporters.JUnitReportReporter -->
<testsuite hostname="INLEN8520075397" failures="0" tests="3" name="com.aster.testcases.AddOppurtunityTest" time="7.902" errors="0" timestamp="2023-05-06T16:37:02 IST" skipped="2">
  <testcase classname="com.aster.testcases.AddOppurtunityTest" name="addoppurtunitywithoutsearch" time="7.902"/>
  <system-out/>
  <testcase classname="com.aster.testcases.AddOppurtunityTest" name="addoppurtunitybyusingsearch">
    <skipped/>
  </testcase> <!-- addoppurtunitybyusingsearch -->
  <system-out/>
  <testcase classname="com.aster.testcases.AddOppurtunityTest" name="addoppurtunityusingsearch">
    <skipped/>
  </testcase> <!-- addoppurtunityusingsearch -->
  <system-out/>
</testsuite> <!-- com.aster.testcases.AddOppurtunityTest -->
